<?xml version="1.0" encoding="UTF-8"?>
<!-- Generated by org.testng.reporters.JUnitReportReporter -->
<testsuite skipped="0" hostname="Sudipas-MacBook-Pro.local" name="TestPasswordValidator" tests="5" failures="0" timestamp="2021-09-23T18:26:44 IST" time="0.004" errors="0">
  <testcase name="testSmallCharsAreValidatedCorrectly_negativeCase" time="0.001" classname="TestPasswordValidator"/>
  <system-out/>
  <testcase name="exceptionWithBlankValue" time="0.002" classname="TestPasswordValidator"/>
  <system-out/>
  <testcase name="testCapitalCharsAreValidatedCorrectly" time="0.001" classname="TestPasswordValidator"/>
  <system-out/>
  <testcase name="testSmallCharsAreValidatedCorrectly" time="0.000" classname="TestPasswordValidator"/>
  <system-out/>
  <testcase name="testSpecialCharsAreValidatedCorrectly" time="0.000" classname="TestPasswordValidator"/>
  <system-out/>
</testsuite> <!-- TestPasswordValidator -->
